<?xml version="1.0" encoding="UTF-8"?>
<testng-results skipped="0" failed="0" ignored="0" total="2" passed="2">
  <reporter-output>
  </reporter-output>
  <suite name="Default suite" duration-ms="32566" started-at="2019-11-04T00:16:17 IST" finished-at="2019-11-04T00:16:49 IST">
    <groups>
    </groups>
    <test name="Default test" duration-ms="32566" started-at="2019-11-04T00:16:17 IST" finished-at="2019-11-04T00:16:49 IST">
      <class name="com.test.testng.FirstTestng">
        <test-method status="PASS" signature="intialSetup()[pri:0, instance:com.test.testng.FirstTestng@7791a895]" name="intialSetup" duration-ms="18947" started-at="2019-11-04T00:16:17 IST" finished-at="2019-11-04T00:16:36 IST">
          <reporter-output>
          </reporter-output>
        </test-method> <!-- intialSetup -->
        <test-method status="PASS" signature="login()[pri:0, instance:com.test.testng.FirstTestng@7791a895]" name="login" duration-ms="13520" started-at="2019-11-04T00:16:36 IST" finished-at="2019-11-04T00:16:49 IST">
          <reporter-output>
          </reporter-output>
        </test-method> <!-- login -->
      </class> <!-- com.test.testng.FirstTestng -->
    </test> <!-- Default test -->
  </suite> <!-- Default suite -->
</testng-results>
